Determining if the pthread_create exist failed with the following output:
Change Dir: /home/ruud/Fontys_SCARA_Arm/src/CMakeFiles/CMakeTmp

Run Build Command:/usr/bin/make "cmTryCompileExec920987545/fast"
/usr/bin/make -f CMakeFiles/cmTryCompileExec920987545.dir/build.make CMakeFiles/cmTryCompileExec920987545.dir/build
make[1]: Entering directory `/home/ruud/Fontys_SCARA_Arm/src/CMakeFiles/CMakeTmp'
/usr/bin/cmake -E cmake_progress_report /home/ruud/Fontys_SCARA_Arm/src/CMakeFiles/CMakeTmp/CMakeFiles 1
Building C object CMakeFiles/cmTryCompileExec920987545.dir/CheckSymbolExists.c.o
/usr/bin/cc    -o CMakeFiles/cmTryCompileExec920987545.dir/CheckSymbolExists.c.o   -c /home/ruud/Fontys_SCARA_Arm/src/CMakeFiles/CMakeTmp/CheckSymbolExists.c
Linking C executable cmTryCompileExec920987545
/usr/bin/cmake -E cmake_link_script CMakeFiles/cmTryCompileExec920987545.dir/link.txt --verbose=1
/usr/bin/cc       CMakeFiles/cmTryCompileExec920987545.dir/CheckSymbolExists.c.o  -o cmTryCompileExec920987545 -rdynamic 
CMakeFiles/cmTryCompileExec920987545.dir/CheckSymbolExists.c.o: In function `main':
CheckSymbolExists.c:(.text+0x16): undefined reference to `pthread_create'
collect2: error: ld returned 1 exit status
make[1]: *** [cmTryCompileExec920987545] Error 1
make[1]: Leaving directory `/home/ruud/Fontys_SCARA_Arm/src/CMakeFiles/CMakeTmp'
make: *** [cmTryCompileExec920987545/fast] Error 2

File /home/ruud/Fontys_SCARA_Arm/src/CMakeFiles/CMakeTmp/CheckSymbolExists.c:
/* */
#include <pthread.h>

int main(int argc, char** argv)
{
  (void)argv;
#ifndef pthread_create
  return ((int*)(&pthread_create))[argc];
#else
  (void)argc;
  return 0;
#endif
}

Determining if the function pthread_create exists in the pthreads failed with the following output:
Change Dir: /home/ruud/Fontys_SCARA_Arm/src/CMakeFiles/CMakeTmp

Run Build Command:/usr/bin/make "cmTryCompileExec2386308304/fast"
/usr/bin/make -f CMakeFiles/cmTryCompileExec2386308304.dir/build.make CMakeFiles/cmTryCompileExec2386308304.dir/build
make[1]: Entering directory `/home/ruud/Fontys_SCARA_Arm/src/CMakeFiles/CMakeTmp'
/usr/bin/cmake -E cmake_progress_report /home/ruud/Fontys_SCARA_Arm/src/CMakeFiles/CMakeTmp/CMakeFiles 1
Building C object CMakeFiles/cmTryCompileExec2386308304.dir/CheckFunctionExists.c.o
/usr/bin/cc   -DCHECK_FUNCTION_EXISTS=pthread_create   -o CMakeFiles/cmTryCompileExec2386308304.dir/CheckFunctionExists.c.o   -c /usr/share/cmake-2.8/Modules/CheckFunctionExists.c
Linking C executable cmTryCompileExec2386308304
/usr/bin/cmake -E cmake_link_script CMakeFiles/cmTryCompileExec2386308304.dir/link.txt --verbose=1
/usr/bin/cc   -DCHECK_FUNCTION_EXISTS=pthread_create    CMakeFiles/cmTryCompileExec2386308304.dir/CheckFunctionExists.c.o  -o cmTryCompileExec2386308304 -rdynamic -lpthreads 
/usr/bin/ld: cannot find -lpthreads
collect2: error: ld returned 1 exit status
make[1]: *** [cmTryCompileExec2386308304] Error 1
make[1]: Leaving directory `/home/ruud/Fontys_SCARA_Arm/src/CMakeFiles/CMakeTmp'
make: *** [cmTryCompileExec2386308304/fast] Error 2


